<?xml version="1.0" encoding="UTF-8"?>
<!-- Generated by org.testng.reporters.JUnitReportReporter -->
<testsuite hostname="DBSL142591" failures="0" tests="1" name="testCases.AddToCartTestCases" time="6.456" errors="0" timestamp="2025-07-16T13:45:58 IST" skipped="0">
  <testcase classname="testCases.AddToCartTestCases" name="methodAddToCart" time="6.456"/>
</testsuite> <!-- testCases.AddToCartTestCases -->
