<?xml version="1.0" encoding="UTF-8"?>
<!-- Generated by org.testng.reporters.JUnitReportReporter -->
<testsuite hostname="DBSL142591" failures="0" tests="1" name="testCases.LoginTestCases" time="4.320" errors="0" timestamp="2025-07-02T00:16:47 IST" skipped="0">
  <testcase classname="testCases.LoginTestCases" name="loginWithValidData" time="4.320"/>
</testsuite> <!-- testCases.LoginTestCases -->
