<?xml version="1.0" encoding="UTF-8"?>
<!-- Generated by org.testng.reporters.JUnitReportReporter -->
<testsuite hostname="DBSL142591" failures="0" tests="2" name="testCases.RegistrationTestCases" time="10.576" errors="0" timestamp="2025-07-02T00:16:46 IST" skipped="0">
  <testcase classname="testCases.RegistrationTestCases" name="verifyRegistrationwithBlankData" time="5.196"/>
  <testcase classname="testCases.RegistrationTestCases" name="verifyRegistrationWithValidData" time="5.380"/>
</testsuite> <!-- testCases.RegistrationTestCases -->
