<?xml version="1.0" encoding="UTF-8"?>
<!-- Generated by org.testng.reporters.JUnitReportReporter -->
<testsuite hostname="DBSL142591" failures="0" tests="1" name="testCases.ProductTestCases" time="9.289" errors="0" timestamp="2025-07-16T14:51:37 IST" skipped="0">
  <testcase classname="testCases.ProductTestCases" name="addToCart" time="9.289"/>
</testsuite> <!-- testCases.ProductTestCases -->
